<?xml version="1.0" encoding="UTF-8"?>
<!-- Generated by org.testng.reporters.JUnitReportReporter -->
<testsuite skipped="0" hostname="Clover-pc25" name="example.NewTest" tests="1" failures="0" timestamp="01 Feb 2019 07:27:09 GMT" time="5.330" errors="0">
  <testcase name="testEasy" time="5.330" classname="example.NewTest"/>
</testsuite> <!-- example.NewTest -->
